<?xml version="1.0" encoding="UTF-8"?>
<!-- Generated by org.testng.reporters.JUnitXMLReporter -->
<testsuite ignored="0" hostname="IND-LT-CMN3XL3" failures="0" tests="4" name="Practice Test Cases" time="0.085" errors="0" timestamp="2026-04-19T16:01:16 IST">
  <testcase classname="TestNgg.Apple" name="fame" time="0.014"/>
  <testcase classname="TestNgg.Apple" name="lame" time="0.003"/>
  <testcase classname="TestNgg.Apple" name="mame" time="0.001"/>
  <testcase classname="TestNgg.Apple" name="name" time="0.002"/>
</testsuite> <!-- Practice Test Cases -->
