<?xml version="1.0" encoding="UTF-8"?>
<testng-results ignored="0" total="4" passed="4" failed="0" skipped="0">
  <reporter-output>
  </reporter-output>
  <suite started-at="2026-04-19T16:01:16 IST" name="Suite" finished-at="2026-04-19T16:01:16 IST" duration-ms="85">
    <groups>
      <group name="smoke">
        <method signature="Apple.mame()[pri:0, instance:TestNgg.Apple@4c402120]" name="mame" class="TestNgg.Apple"/>
      </group> <!-- smoke -->
    </groups>
    <test started-at="2026-04-19T16:01:16 IST" name="Practice Test Cases" finished-at="2026-04-19T16:01:16 IST" duration-ms="85">
      <class name="TestNgg.Apple">
        <test-method signature="fame()[pri:0, instance:TestNgg.Apple@4c402120]" started-at="2026-04-19T16:01:16 IST" name="fame" finished-at="2026-04-19T16:01:16 IST" duration-ms="14" status="PASS">
          <reporter-output>
          </reporter-output>
        </test-method> <!-- fame -->
        <test-method signature="lame(java.lang.String,java.lang.String)[pri:0, instance:TestNgg.Apple@4c402120]" started-at="2026-04-19T16:01:16 IST" name="lame" finished-at="2026-04-19T16:01:16 IST" duration-ms="3" status="PASS">
          <params>
            <param index="0">
              <value>
                <![CDATA[abcd.com]]>
              </value>
            </param>
            <param index="1">
              <value>
                <![CDATA[abcd]]>
              </value>
            </param>
          </params>
          <reporter-output>
          </reporter-output>
        </test-method> <!-- lame -->
        <test-method signature="mame()[pri:0, instance:TestNgg.Apple@4c402120]" started-at="2026-04-19T16:01:16 IST" name="mame" finished-at="2026-04-19T16:01:16 IST" duration-ms="1" status="PASS">
          <reporter-output>
          </reporter-output>
        </test-method> <!-- mame -->
        <test-method signature="name()[pri:0, instance:TestNgg.Apple@4c402120]" started-at="2026-04-19T16:01:16 IST" name="name" finished-at="2026-04-19T16:01:16 IST" duration-ms="2" status="PASS">
          <reporter-output>
          </reporter-output>
        </test-method> <!-- name -->
      </class> <!-- TestNgg.Apple -->
    </test> <!-- Practice Test Cases -->
  </suite> <!-- Suite -->
</testng-results>
